

***********************************************************************
Fatal OSN connect error 12203, connecting to:
 (DESCRIPTION=(ADDRESS_LIST=(ADDRESS=(COMMUNITY=spx.world)(PROTOCOL=SPX)(Service=NETFIN1)))(CONNECT_DATA=(SID=ORCL)(CID=(PROGRAM=delphi32.exe)(HOST=I40884)(USER=27939))))

  VERSION INFORMATION:
	TNS for 32-bit Windows: Version 2.3.3.0.0 - Production
	NOVELL SPX/IPX NT Protocol Adapter for 32-bit Windows: Version 2.3.3.0.0 - Production
  Time: 28-APR-11 08:57:53
  Tracing not turned on.
  Tns error struct:
    nr err code: 12203
    TNS-12203: TNS:unable to connect to destination
    ns main err code: 12541
    TNS-12541: TNS:no listener
    ns secondary err code: 12560
    nt main err code: 511
    TNS-00511: No listener
    nt secondary err code: 0
    nt OS err code: 0


***********************************************************************
Fatal OSN connect error 12203, connecting to:
 (DESCRIPTION=(ADDRESS_LIST=(ADDRESS=(COMMUNITY=spx.world)(PROTOCOL=SPX)(Service=NETFIN1)))(CONNECT_DATA=(SID=ORCL)(CID=(PROGRAM=delphi32.exe)(HOST=I40884)(USER=27939))))

  VERSION INFORMATION:
	TNS for 32-bit Windows: Version 2.3.3.0.0 - Production
	NOVELL SPX/IPX NT Protocol Adapter for 32-bit Windows: Version 2.3.3.0.0 - Production
  Time: 23-MAY-11 10:57:00
  Tracing not turned on.
  Tns error struct:
    nr err code: 12203
    TNS-12203: TNS:unable to connect to destination
    ns main err code: 12541
    TNS-12541: TNS:no listener
    ns secondary err code: 12560
    nt main err code: 511
    TNS-00511: No listener
    nt secondary err code: 0
    nt OS err code: 0


***********************************************************************
Fatal OSN connect error 12203, connecting to:
 (DESCRIPTION=(ADDRESS_LIST=(ADDRESS=(COMMUNITY=spx.world)(PROTOCOL=SPX)(Service=NETFIN1)))(CONNECT_DATA=(SID=ORCL)(CID=(PROGRAM=rrpay801.exe)(HOST=I40884)(USER=27939))))

  VERSION INFORMATION:
	TNS for 32-bit Windows: Version 2.3.3.0.0 - Production
	NOVELL SPX/IPX NT Protocol Adapter for 32-bit Windows: Version 2.3.3.0.0 - Production
  Time: 27-DEC-11 10:37:02
  Tracing not turned on.
  Tns error struct:
    nr err code: 12203
    TNS-12203: TNS:unable to connect to destination
    ns main err code: 12541
    TNS-12541: TNS:no listener
    ns secondary err code: 12560
    nt main err code: 511
    TNS-00511: No listener
    nt secondary err code: 0
    nt OS err code: 0


***********************************************************************
Fatal OSN connect error 12203, connecting to:
 (DESCRIPTION=(ADDRESS_LIST=(ADDRESS=(COMMUNITY=spx.world)(PROTOCOL=SPX)(Service=NETFIN1)))(CONNECT_DATA=(SID=ORCL)(CID=(PROGRAM=rrpay801.exe)(HOST=I40884)(USER=27939))))

  VERSION INFORMATION:
	TNS for 32-bit Windows: Version 2.3.3.0.0 - Production
	NOVELL SPX/IPX NT Protocol Adapter for 32-bit Windows: Version 2.3.3.0.0 - Production
  Time: 27-DEC-11 10:37:32
  Tracing not turned on.
  Tns error struct:
    nr err code: 12203
    TNS-12203: TNS:unable to connect to destination
    ns main err code: 12541
    TNS-12541: TNS:no listener
    ns secondary err code: 12560
    nt main err code: 511
    TNS-00511: No listener
    nt secondary err code: 0
    nt OS err code: 0


***********************************************************************
Fatal OSN connect error 12203, connecting to:
 (DESCRIPTION=(ADDRESS_LIST=(ADDRESS=(COMMUNITY=spx.world)(PROTOCOL=SPX)(Service=NETFIN1)))(CONNECT_DATA=(SID=ORCL)(CID=(PROGRAM=rrpay801.exe)(HOST=I40884)(USER=27939))))

  VERSION INFORMATION:
	TNS for 32-bit Windows: Version 2.3.3.0.0 - Production
	NOVELL SPX/IPX NT Protocol Adapter for 32-bit Windows: Version 2.3.3.0.0 - Production
  Time: 27-DEC-11 10:55:48
  Tracing not turned on.
  Tns error struct:
    nr err code: 12203
    TNS-12203: TNS:unable to connect to destination
    ns main err code: 12541
    TNS-12541: TNS:no listener
    ns secondary err code: 12560
    nt main err code: 511
    TNS-00511: No listener
    nt secondary err code: 0
    nt OS err code: 0


***********************************************************************
Fatal OSN connect error 12203, connecting to:
 (DESCRIPTION=(ADDRESS_LIST=(ADDRESS=(COMMUNITY=spx.world)(PROTOCOL=SPX)(Service=NETFIN1)))(CONNECT_DATA=(SID=ORCL)(CID=(PROGRAM=rrpay801.exe)(HOST=I40884)(USER=27939))))

  VERSION INFORMATION:
	TNS for 32-bit Windows: Version 2.3.3.0.0 - Production
	NOVELL SPX/IPX NT Protocol Adapter for 32-bit Windows: Version 2.3.3.0.0 - Production
  Time: 27-DEC-11 12:09:47
  Tracing not turned on.
  Tns error struct:
    nr err code: 12203
    TNS-12203: TNS:unable to connect to destination
    ns main err code: 12541
    TNS-12541: TNS:no listener
    ns secondary err code: 12560
    nt main err code: 511
    TNS-00511: No listener
    nt secondary err code: 0
    nt OS err code: 0


***********************************************************************
Fatal OSN connect error 12154, connecting to:
 test@c:/report/pensfond/

  VERSION INFORMATION:
	TNS for 32-bit Windows: Version 2.3.3.0.0 - Production
  Time: 23-OCT-15 08:36:02
  Tracing not turned on.


***********************************************************************
Fatal OSN connect error 12154, connecting to:
 test@c:/report/pensfond/

  VERSION INFORMATION:
	TNS for 32-bit Windows: Version 2.3.3.0.0 - Production
  Time: 23-OCT-15 08:42:21
  Tracing not turned on.


***********************************************************************
Fatal OSN connect error 12154, connecting to:
 test/c:/report/pensfond/@

  VERSION INFORMATION:
	TNS for 32-bit Windows: Version 2.3.3.0.0 - Production
  Time: 23-OCT-15 08:46:25
  Tracing not turned on.


***********************************************************************
Fatal OSN connect error 12154, connecting to:
 test@c:/report/pensfond/

  VERSION INFORMATION:
	TNS for 32-bit Windows: Version 2.3.3.0.0 - Production
  Time: 23-OCT-15 08:47:43
  Tracing not turned on.


***********************************************************************
Fatal OSN connect error 12154, connecting to:
 test@c:/report/pensfond/

  VERSION INFORMATION:
	TNS for 32-bit Windows: Version 2.3.3.0.0 - Production
  Time: 23-OCT-15 08:50:04
  Tracing not turned on.


***********************************************************************
Fatal OSN connect error 12154, connecting to:
 test@c:/report/pensfond/

  VERSION INFORMATION:
	TNS for 32-bit Windows: Version 2.3.3.0.0 - Production
  Time: 23-OCT-15 09:09:46
  Tracing not turned on.


***********************************************************************
Fatal OSN connect error 12154, connecting to:
 test@c:/report/pensfond/

  VERSION INFORMATION:
	TNS for 32-bit Windows: Version 2.3.3.0.0 - Production
  Time: 23-OCT-15 09:14:02
  Tracing not turned on.


***********************************************************************
Fatal OSN connect error 12547, connecting to:
 (DESCRIPTION=(ADDRESS_LIST=(ADDRESS=(COMMUNITY=spx.world)(PROTOCOL=SPX)(Service=REAL_LSNR))(ADDRESS=(COMMUNITY=tcp.world)(PROTOCOL=TCP)(Host=172.16.48.154)(Port=1521)))(CONNECT_DATA=(SID=ORCL)(CID=(PROGRAM=rrpay801w.exe)(HOST=I40884)(USER=user))))

  VERSION INFORMATION:
	TNS for 32-bit Windows: Version 2.3.3.0.0 - Production
	NOVELL SPX/IPX NT Protocol Adapter for 32-bit Windows: Version 2.3.3.0.0 - Production
  Time: 28-OCT-15 08:53:55
  Tracing not turned on.
  Tns error struct:
    nr err code: 12206
    TNS-12206: TNS:received a TNS error during navigation
    ns main err code: 12547
    TNS-12547: TNS:lost contact
    ns secondary err code: 12560
    nt main err code: 517
    TNS-00517: Lost contact
    nt secondary err code: 54
    nt OS err code: 0
